<?xml version="1.0" encoding="UTF-8"?>
<!-- Generated by org.testng.reporters.JUnitReportReporter -->
<testsuite skipped="0" hostname="LAPTOP-O6IKD5AK" name="Runner.testNGRunner" tests="1" failures="0" timestamp="20 Feb 2018 01:43:08 GMT" time="47.560" errors="0">
  <testcase name="feature" time="47.560" classname="Runner.testNGRunner"/>
</testsuite> <!-- Runner.testNGRunner -->
